Determining if the pthread_create exist failed with the following output:
Change Dir: /home/gurumurt/Student-Files/hiwi/db-engine-paradigms/cmake-build-debug/CMakeFiles/CMakeTmp

Run Build Command(s):/usr/bin/make cmTC_67bf4/fast 
/usr/bin/make -f CMakeFiles/cmTC_67bf4.dir/build.make CMakeFiles/cmTC_67bf4.dir/build
make[1]: Entering directory '/home/gurumurt/Student-Files/hiwi/db-engine-paradigms/cmake-build-debug/CMakeFiles/CMakeTmp'
Building C object CMakeFiles/cmTC_67bf4.dir/CheckSymbolExists.c.o
/usr/bin/gcc   -fPIC -Wall -Wextra -fno-omit-frame-pointer -march=native -fdiagnostics-color     -o CMakeFiles/cmTC_67bf4.dir/CheckSymbolExists.c.o   -c /home/gurumurt/Student-Files/hiwi/db-engine-paradigms/cmake-build-debug/CMakeFiles/CMakeTmp/CheckSymbolExists.c
Linking C executable cmTC_67bf4
/home/gurumurt/clion/bin/cmake/linux/bin/cmake -E cmake_link_script CMakeFiles/cmTC_67bf4.dir/link.txt --verbose=1
/usr/bin/gcc  -fPIC -Wall -Wextra -fno-omit-frame-pointer -march=native -fdiagnostics-color      -rdynamic CMakeFiles/cmTC_67bf4.dir/CheckSymbolExists.c.o  -o cmTC_67bf4 
CMakeFiles/cmTC_67bf4.dir/CheckSymbolExists.c.o: In function `main':
CheckSymbolExists.c:(.text+0x1b): undefined reference to `pthread_create'
collect2: error: ld returned 1 exit status
CMakeFiles/cmTC_67bf4.dir/build.make:86: recipe for target 'cmTC_67bf4' failed
make[1]: *** [cmTC_67bf4] Error 1
make[1]: Leaving directory '/home/gurumurt/Student-Files/hiwi/db-engine-paradigms/cmake-build-debug/CMakeFiles/CMakeTmp'
Makefile:121: recipe for target 'cmTC_67bf4/fast' failed
make: *** [cmTC_67bf4/fast] Error 2

File /home/gurumurt/Student-Files/hiwi/db-engine-paradigms/cmake-build-debug/CMakeFiles/CMakeTmp/CheckSymbolExists.c:
/* */
#include <pthread.h>

int main(int argc, char** argv)
{
  (void)argv;
#ifndef pthread_create
  return ((int*)(&pthread_create))[argc];
#else
  (void)argc;
  return 0;
#endif
}

